npm warn Unknown project config "public-hoist-pattern". This will stop working in the next major version of npm.
[32minfo[39m:    redisUrl not found. A fake redis instance will be used.
[32minfo[39m:    Executing script at ./src/scripts/dump-container.ts...
[32minfo[39m:    redisUrl not found. A fake redis instance will be used.
[32minfo[39m:    No link to load from D:\Projects\Myshop\backend\myshop\node_modules\@medusajs\draft-order\.medusa\server\src\links. skipped.
[33mwarn[39m:    Local Event Bus installed. This is not recommended for production.
[32minfo[39m:    Locking module: Using "in-memory" as default.
[32minfo[39m:    No workflow to load from D:\Projects\Myshop\backend\myshop\node_modules\@medusajs\draft-order\.medusa\server\src\workflows. skipped.
[32minfo[39m:    No subscriber to load from D:\Projects\Myshop\backend\myshop\node_modules\@medusajs\draft-order\.medusa\server\src\subscribers. skipped.
=== registrations keys (sample) ===
[
  '__pg_connection__', 'api_key',
  'auth',              'cache',
  'caching',           'cart',
  'configModule',      'currency',
  'customer',          'event_bus',
  'featureFlagRouter', 'file',
  'fulfillment',       'index',
  'inventory',         'link',
  'locking',           'logger',
  'notification',      'order',
  'payment',           'pricing',
  'product',           'promotion',
  'query',             'region',
  'remoteLink',        'remoteQuery',
  'sales_channel',     'settings',
  'stock_location',    'store',
  'tax',               'user',
  'workflows'
]
Total keys found: 35
=== resolve guesses ===
{
  authModuleService: false,
  authService: false,
  authProviderService: false,
  userModuleService: false,
  userService: false,
  adminService: false,
  identityService: false,
  apiKeyModuleService: false
}
[32minfo[39m:    Finished executing script.
